<?xml version="1.0" encoding="UTF-8"?>
<testng-results ignored="0" total="2" passed="1" failed="1" skipped="0">
  <reporter-output>
  </reporter-output>
  <suite started-at="2022-05-23T15:01:53 CEST" name="stepDef.RunCucumberTest" finished-at="2022-05-23T15:03:06 CEST" duration-ms="73064">
    <groups>
      <group name="cucumber">
        <method signature="AbstractTestNGCucumberTests.runScenario(io.cucumber.testng.PickleWrapper,io.cucumber.testng.FeatureWrapper)[pri:0, instance:stepDef.RunCucumberTest@78fa769e]" name="runScenario" class="io.cucumber.testng.AbstractTestNGCucumberTests"/>
      </group> <!-- cucumber -->
    </groups>
    <test started-at="2022-05-23T15:01:53 CEST" name="Command line test" finished-at="2022-05-23T15:03:06 CEST" duration-ms="73064">
      <class name="stepDef.RunCucumberTest">
        <test-method is-config="true" signature="setUpClass(org.testng.ITestContext)[pri:0, instance:stepDef.RunCucumberTest@78fa769e]" started-at="2022-05-23T15:01:53 CEST" name="setUpClass" finished-at="2022-05-23T15:01:54 CEST" duration-ms="885" status="PASS">
          <params>
            <param index="0">
              <value>
                <![CDATA[org.testng.TestRunner@11b5f4e2]]>
              </value>
            </param>
          </params>
          <reporter-output>
          </reporter-output>
        </test-method> <!-- setUpClass -->
        <test-method signature="runScenario(io.cucumber.testng.PickleWrapper,io.cucumber.testng.FeatureWrapper)[pri:0, instance:stepDef.RunCucumberTest@78fa769e]" started-at="2022-05-23T15:01:54 CEST" name="runScenario" description="Runs Cucumber Scenarios" data-provider="scenarios" finished-at="2022-05-23T15:01:54 CEST" duration-ms="351" status="PASS">
          <params>
            <param index="0">
              <value>
                <![CDATA["Naviguer sur site Hermes"]]>
              </value>
            </param>
            <param index="1">
              <value>
                <![CDATA["Naviguer sur sit Hermes"]]>
              </value>
            </param>
          </params>
          <reporter-output>
          </reporter-output>
        </test-method> <!-- runScenario -->
        <test-method signature="runScenario(io.cucumber.testng.PickleWrapper,io.cucumber.testng.FeatureWrapper)[pri:0, instance:stepDef.RunCucumberTest@78fa769e]" started-at="2022-05-23T15:01:54 CEST" name="runScenario" description="Runs Cucumber Scenarios" data-provider="scenarios" finished-at="2022-05-23T15:03:06 CEST" duration-ms="71265" status="FAIL">
          <params>
            <param index="0">
              <value>
                <![CDATA["premier test"]]>
              </value>
            </param>
            <param index="1">
              <value>
                <![CDATA["Naviguer sur sit Hermes"]]>
              </value>
            </param>
          </params>
          <exception class="org.openqa.selenium.NoSuchElementException">
            <message>
              <![CDATA[no such element: Unable to locate element: {"method":"xpath","selector":"html/body/div[1]/div[3]/div/div[6]/div/div[2]/div[2]/div[1]/div/div[2]/div/div[3]/div/div[4]/div[3]/div/div[7]/div[14]"}
  (Session info: chrome=101.0.4951.67)
For documentation on this error, please visit: https://selenium.dev/exceptions/#no_such_element
Build info: version: '4.1.4', revision: '535d840ee2'
System info: host: 'IBM-PF1NTJAC', ip: '9.171.80.144', os.name: 'Windows 10', os.arch: 'amd64', os.version: '10.0', java.version: '17.0.2'
Driver info: org.openqa.selenium.chrome.ChromeDriver
Command: [b173675751c0ac77661bee96f68ed9b2, findElement {using=xpath, value=html/body/div[1]/div[3]/div/div[6]/div/div[2]/div[2]/div[1]/div/div[2]/div/div[3]/div/div[4]/div[3]/div/div[7]/div[14]}]
Capabilities {acceptInsecureCerts: false, browserName: chrome, browserVersion: 101.0.4951.67, chrome: {chromedriverVersion: 101.0.4951.41 (93c720db8323..., userDataDir: C:\Users\Y9G4CD~1\AppData\L...}, goog:chromeOptions: {debuggerAddress: localhost:54474}, javascriptEnabled: true, networkConnectionEnabled: false, pageLoadStrategy: normal, platform: WINDOWS, platformName: WINDOWS, proxy: Proxy(), se:cdp: ws://localhost:54474/devtoo..., se:cdpVersion: 101.0.4951.67, setWindowRect: true, strictFileInteractability: false, timeouts: {implicit: 0, pageLoad: 300000, script: 30000}, unhandledPromptBehavior: dismiss and notify, webauthn:extension:credBlob: true, webauthn:extension:largeBlob: true, webauthn:virtualAuthenticators: true}
Session ID: b173675751c0ac77661bee96f68ed9b2]]>
            </message>
            <full-stacktrace>
              <![CDATA[org.openqa.selenium.NoSuchElementException: no such element: Unable to locate element: {"method":"xpath","selector":"html/body/div[1]/div[3]/div/div[6]/div/div[2]/div[2]/div[1]/div/div[2]/div/div[3]/div/div[4]/div[3]/div/div[7]/div[14]"}
  (Session info: chrome=101.0.4951.67)
For documentation on this error, please visit: https://selenium.dev/exceptions/#no_such_element
Build info: version: '4.1.4', revision: '535d840ee2'
System info: host: 'IBM-PF1NTJAC', ip: '9.171.80.144', os.name: 'Windows 10', os.arch: 'amd64', os.version: '10.0', java.version: '17.0.2'
Driver info: org.openqa.selenium.chrome.ChromeDriver
Command: [b173675751c0ac77661bee96f68ed9b2, findElement {using=xpath, value=html/body/div[1]/div[3]/div/div[6]/div/div[2]/div[2]/div[1]/div/div[2]/div/div[3]/div/div[4]/div[3]/div/div[7]/div[14]}]
Capabilities {acceptInsecureCerts: false, browserName: chrome, browserVersion: 101.0.4951.67, chrome: {chromedriverVersion: 101.0.4951.41 (93c720db8323..., userDataDir: C:\Users\Y9G4CD~1\AppData\L...}, goog:chromeOptions: {debuggerAddress: localhost:54474}, javascriptEnabled: true, networkConnectionEnabled: false, pageLoadStrategy: normal, platform: WINDOWS, platformName: WINDOWS, proxy: Proxy(), se:cdp: ws://localhost:54474/devtoo..., se:cdpVersion: 101.0.4951.67, setWindowRect: true, strictFileInteractability: false, timeouts: {implicit: 0, pageLoad: 300000, script: 30000}, unhandledPromptBehavior: dismiss and notify, webauthn:extension:credBlob: true, webauthn:extension:largeBlob: true, webauthn:virtualAuthenticators: true}
Session ID: b173675751c0ac77661bee96f68ed9b2
at java.base/jdk.internal.reflect.NativeConstructorAccessorImpl.newInstance0(Native Method)
at java.base/jdk.internal.reflect.NativeConstructorAccessorImpl.newInstance(NativeConstructorAccessorImpl.java:77)
at java.base/jdk.internal.reflect.DelegatingConstructorAccessorImpl.newInstance(DelegatingConstructorAccessorImpl.java:45)
at java.base/java.lang.reflect.Constructor.newInstanceWithCaller(Constructor.java:499)
at java.base/java.lang.reflect.Constructor.newInstance(Constructor.java:480)
at org.openqa.selenium.remote.codec.w3c.W3CHttpResponseCodec.createException(W3CHttpResponseCodec.java:200)
at org.openqa.selenium.remote.codec.w3c.W3CHttpResponseCodec.decode(W3CHttpResponseCodec.java:133)
at org.openqa.selenium.remote.codec.w3c.W3CHttpResponseCodec.decode(W3CHttpResponseCodec.java:53)
at org.openqa.selenium.remote.HttpCommandExecutor.execute(HttpCommandExecutor.java:184)
at org.openqa.selenium.remote.service.DriverCommandExecutor.invokeExecute(DriverCommandExecutor.java:167)
at org.openqa.selenium.remote.service.DriverCommandExecutor.execute(DriverCommandExecutor.java:142)
at org.openqa.selenium.remote.RemoteWebDriver.execute(RemoteWebDriver.java:567)
at org.openqa.selenium.remote.ElementLocation$ElementFinder$2.findElement(ElementLocation.java:162)
at org.openqa.selenium.remote.ElementLocation.findElement(ElementLocation.java:60)
at org.openqa.selenium.remote.RemoteWebDriver.findElement(RemoteWebDriver.java:385)
at org.openqa.selenium.remote.RemoteWebDriver.findElement(RemoteWebDriver.java:377)
at stepDef.StepDefinitions.verification_num(StepDefinitions.java:200)
at ✽.Je verifie que mon numero de programme est "125689"(file:///C:/Abdelrazak/Eclipse/Hermes/src/test/resources/cucumber/PT-11.feature:21)
]]>
            </full-stacktrace>
          </exception> <!-- org.openqa.selenium.NoSuchElementException -->
          <reporter-output>
          </reporter-output>
        </test-method> <!-- runScenario -->
        <test-method is-config="true" signature="tearDownClass()[pri:0, instance:stepDef.RunCucumberTest@78fa769e]" started-at="2022-05-23T15:03:06 CEST" name="tearDownClass" finished-at="2022-05-23T15:03:06 CEST" duration-ms="293" status="PASS">
          <reporter-output>
          </reporter-output>
        </test-method> <!-- tearDownClass -->
      </class> <!-- stepDef.RunCucumberTest -->
    </test> <!-- Command line test -->
  </suite> <!-- stepDef.RunCucumberTest -->
</testng-results>
